<?xml version="1.0" encoding="UTF-8"?>
<!-- Generated by org.testng.reporters.JUnitReportReporter -->
<testsuite skipped="0" hostname="DESKTOP-C9OMQNM" name="com.cybertek.Porsche" tests="1" failures="0" timestamp="25 Jun 2018 17:05:46 GMT" time="8.547" errors="0">
  <testcase name="SetUp" time="8.547" classname="com.cybertek.Porsche"/>
</testsuite> <!-- com.cybertek.Porsche -->
